Using pre-set license
Built from '2020.2/staging' branch; Version is '2020.2.7f1 (c53830e277f1) revision 12924976'; Using compiler version '192528614'; Build Type 'Release'
OS: 'Windows 10 Pro; OS build 18363.1500; Version 1909; 64bit' Language: 'en' Physical Memory: 32693 MB
BatchMode: 1, IsHumanControllingUs: 0, StartBugReporterOnCrash: 0, Is64bit: 1, IsPro: 0

 COMMAND LINE ARGUMENTS:
C:\Program Files\2020.2.7f1\Editor\Unity.exe
-adb2
-batchMode
-noUpm
-name
AssetImportWorker0
-projectPath
C:/Projektit/unity/TestiPeli
-logFile
Logs/AssetImportWorker0.log
-srvPort
59958
Successfully changed project path to: C:/Projektit/unity/TestiPeli
C:/Projektit/unity/TestiPeli
Using Asset Import Pipeline V2.
Refreshing native plugins compatible for Editor in 14.66 ms, found 0 plugins.
Preloading 0 native plugins for Editor in 0.00 ms.
Initialize engine version: 2020.2.7f1 (c53830e277f1)
[Subsystems] Discovering subsystems at path C:/Program Files/2020.2.7f1/Editor/Data/Resources/UnitySubsystems
[Subsystems] Discovering subsystems at path C:/Projektit/unity/TestiPeli/Assets
GfxDevice: creating device client; threaded=0
Direct3D:
    Version:  Direct3D 11.0 [level 11.1]
    Renderer: NVIDIA GeForce RTX 3080 (ID=0x2206)
    Vendor:   
    VRAM:     10078 MB
    Driver:   27.21.14.6589
Initialize mono
Mono path[0] = 'C:/Program Files/2020.2.7f1/Editor/Data/Managed'
Mono path[1] = 'C:/Program Files/2020.2.7f1/Editor/Data/MonoBleedingEdge/lib/mono/unityjit'
Mono config path = 'C:/Program Files/2020.2.7f1/Editor/Data/MonoBleedingEdge/etc'
Using monoOptions --debugger-agent=transport=dt_socket,embedding=1,server=y,suspend=n,address=127.0.0.1:56152
Begin MonoManager ReloadAssembly
Registering precompiled unity dll's ...
Register platform support module: C:/Program Files/2020.2.7f1/Editor/Data/PlaybackEngines/WindowsStandaloneSupport/UnityEditor.WindowsStandalone.Extensions.dll
Registered in 0.001221 seconds.
Native extension for WindowsStandalone target not found
Refreshing native plugins compatible for Editor in 14.98 ms, found 0 plugins.
Preloading 0 native plugins for Editor in 0.00 ms.
Invoked RoslynAnalysisRunner static constructor.
RoslynAnalysisRunner will not be running.
RoslynAnalysisRunner has terminated.
Mono: successfully reloaded assembly
- Completed reload, in  1.055 seconds
Platform modules already initialized, skipping
Registering precompiled user dll's ...
Registered in 0.000522 seconds.
Begin MonoManager ReloadAssembly
Native extension for WindowsStandalone target not found
Refreshing native plugins compatible for Editor in 0.18 ms, found 0 plugins.
Preloading 0 native plugins for Editor in 0.00 ms.
Invoked RoslynAnalysisRunner static constructor.
RoslynAnalysisRunner will not be running.
RoslynAnalysisRunner has terminated.
Mono: successfully reloaded assembly
- Completed reload, in  0.485 seconds
Platform modules already initialized, skipping
========================================================================
Worker process is ready to serve import requests
Launched and connected shader compiler UnityShaderCompiler.exe after 0.06 seconds
Refreshing native plugins compatible for Editor in 0.20 ms, found 0 plugins.
Preloading 0 native plugins for Editor in 0.00 ms.
Unloading 1113 Unused Serialized files (Serialized files now loaded: 0)
System memory in use before: 56.9 MB.
System memory in use after: 56.9 MB.

Unloading 10 unused Assets to reduce memory usage. Loaded Objects now: 1555.
Total: 1.414900 ms (FindLiveObjects: 0.116700 ms CreateObjectMapping: 0.031700 ms MarkObjects: 1.211100 ms  DeleteObjects: 0.054900 ms)

========================================================================
Received Import Request.
  path: Assets
  artifactKey: Guid(00000000000000001000000000000000) Importer(815301076,1909f56bfc062723c751e8b465ee728b)
Start importing Assets using Guid(00000000000000001000000000000000) Importer(815301076,1909f56bfc062723c751e8b465ee728b)  -> (artifact id: 'f89434ac489deb914593f829e0a47671') in 0.006890 seconds
  Import took 0.008223 seconds .

========================================================================
Received Import Request.
  Time since last request: 3.236866 seconds.
  path: Assets/Scripts
  artifactKey: Guid(a58f5361e65750b4b9de9872c93747a6) Importer(815301076,1909f56bfc062723c751e8b465ee728b)
Start importing Assets/Scripts using Guid(a58f5361e65750b4b9de9872c93747a6) Importer(815301076,1909f56bfc062723c751e8b465ee728b)  -> (artifact id: 'c2617bd9340af5b23ea43306d1a253b5') in 0.005042 seconds
  Import took 0.006749 seconds .

========================================================================
Received Import Request.
  Time since last request: 0.000220 seconds.
  path: Assets/Scripts
  artifactKey: Guid(a58f5361e65750b4b9de9872c93747a6) Importer(815301076,1909f56bfc062723c751e8b465ee728b)
Start importing Assets/Scripts using Guid(a58f5361e65750b4b9de9872c93747a6) Importer(815301076,1909f56bfc062723c751e8b465ee728b)  -> (artifact id: 'c2617bd9340af5b23ea43306d1a253b5') in 0.001493 seconds
  Import took 0.002567 seconds .

========================================================================
Received Import Request.
  Time since last request: 6.016750 seconds.
  path: Assets/Prefabs
  artifactKey: Guid(b59872440341ca44ea09abe37267c716) Importer(815301076,1909f56bfc062723c751e8b465ee728b)
Start importing Assets/Prefabs using Guid(b59872440341ca44ea09abe37267c716) Importer(815301076,1909f56bfc062723c751e8b465ee728b)  -> (artifact id: 'd723611000e8d36fd6d498335dd76297') in 0.004842 seconds
  Import took 0.006371 seconds .

========================================================================
Received Import Request.
  Time since last request: 0.000340 seconds.
  path: Assets/Prefabs
  artifactKey: Guid(b59872440341ca44ea09abe37267c716) Importer(815301076,1909f56bfc062723c751e8b465ee728b)
Start importing Assets/Prefabs using Guid(b59872440341ca44ea09abe37267c716) Importer(815301076,1909f56bfc062723c751e8b465ee728b)  -> (artifact id: 'd723611000e8d36fd6d498335dd76297') in 0.001480 seconds
  Import took 0.002499 seconds .

========================================================================
Received Import Request.
  Time since last request: 5.149989 seconds.
  path: Assets/Material
  artifactKey: Guid(b2b85af6db07e0642a960b5639ed0d3c) Importer(815301076,1909f56bfc062723c751e8b465ee728b)
Start importing Assets/Material using Guid(b2b85af6db07e0642a960b5639ed0d3c) Importer(815301076,1909f56bfc062723c751e8b465ee728b)  -> (artifact id: '3ae8739e0a505dd055706ca2a36e89f2') in 0.004909 seconds
  Import took 0.006333 seconds .

========================================================================
Received Import Request.
  Time since last request: 84.816339 seconds.
  path: Assets/Material/Ground.mat
  artifactKey: Guid(6590a3b26c46631408b517bcd6852ce6) Importer(815301076,1909f56bfc062723c751e8b465ee728b)
Start importing Assets/Material/Ground.mat using Guid(6590a3b26c46631408b517bcd6852ce6) Importer(815301076,1909f56bfc062723c751e8b465ee728b)  -> (artifact id: '71cb96ac20c721b5265eed5b1b28bec3') in 0.066920 seconds
  Import took 0.068658 seconds .

========================================================================
Received Import Request.
  Time since last request: 228.940834 seconds.
  path: Assets/Material/PlayerMaterial.mat
  artifactKey: Guid(e5aca11cc6780104bbb0b0d1df45002a) Importer(815301076,1909f56bfc062723c751e8b465ee728b)
Start importing Assets/Material/PlayerMaterial.mat using Guid(e5aca11cc6780104bbb0b0d1df45002a) Importer(815301076,1909f56bfc062723c751e8b465ee728b)  -> (artifact id: 'd31c533e8b0efd94a05281da91929642') in 0.014443 seconds
  Import took 0.015981 seconds .

========================================================================
Received Import Request.
  Time since last request: 80.899473 seconds.
  path: Assets/Scripts/PlayerController.cs
  artifactKey: Guid(708936c32d82e9d42b70165ab5dedaf2) Importer(815301076,1909f56bfc062723c751e8b465ee728b)
Start importing Assets/Scripts/PlayerController.cs using Guid(708936c32d82e9d42b70165ab5dedaf2) Importer(815301076,1909f56bfc062723c751e8b465ee728b)  -> (artifact id: '49e702febf08c713102fad2cdeea380c') in 0.007441 seconds
  Import took 0.008958 seconds .

========================================================================
Received Prepare
Registering precompiled user dll's ...
Registered in 0.000405 seconds.
Begin MonoManager ReloadAssembly
Native extension for WindowsStandalone target not found
Refreshing native plugins compatible for Editor in 0.18 ms, found 0 plugins.
Preloading 0 native plugins for Editor in 0.00 ms.
Invoked RoslynAnalysisRunner static constructor.
RoslynAnalysisRunner will not be running.
RoslynAnalysisRunner has terminated.
Mono: successfully reloaded assembly
- Completed reload, in  0.460 seconds
Platform modules already initialized, skipping
Refreshing native plugins compatible for Editor in 0.19 ms, found 0 plugins.
Preloading 0 native plugins for Editor in 0.00 ms.
Unloading 1109 Unused Serialized files (Serialized files now loaded: 0)
System memory in use before: 60.2 MB.
System memory in use after: 60.3 MB.

Unloading 5 unused Assets to reduce memory usage. Loaded Objects now: 1599.
Total: 1.341500 ms (FindLiveObjects: 0.112800 ms CreateObjectMapping: 0.030200 ms MarkObjects: 1.166400 ms  DeleteObjects: 0.031500 ms)

========================================================================
Received Prepare
Registering precompiled user dll's ...
Registered in 0.000396 seconds.
Begin MonoManager ReloadAssembly
Native extension for WindowsStandalone target not found
Refreshing native plugins compatible for Editor in 0.18 ms, found 0 plugins.
Preloading 0 native plugins for Editor in 0.00 ms.
Invoked RoslynAnalysisRunner static constructor.
RoslynAnalysisRunner will not be running.
RoslynAnalysisRunner has terminated.
Mono: successfully reloaded assembly
- Completed reload, in  0.466 seconds
Platform modules already initialized, skipping
Refreshing native plugins compatible for Editor in 0.18 ms, found 0 plugins.
Preloading 0 native plugins for Editor in 0.00 ms.
Unloading 1109 Unused Serialized files (Serialized files now loaded: 0)
System memory in use before: 60.2 MB.
System memory in use after: 60.3 MB.

Unloading 5 unused Assets to reduce memory usage. Loaded Objects now: 1602.
Total: 1.317400 ms (FindLiveObjects: 0.115600 ms CreateObjectMapping: 0.029000 ms MarkObjects: 1.138100 ms  DeleteObjects: 0.034100 ms)

========================================================================
Received Import Request.
  Time since last request: 382.591207 seconds.
  path: Assets/Scripts/PlayerController.cs
  artifactKey: Guid(708936c32d82e9d42b70165ab5dedaf2) Importer(815301076,1909f56bfc062723c751e8b465ee728b)
Start importing Assets/Scripts/PlayerController.cs using Guid(708936c32d82e9d42b70165ab5dedaf2) Importer(815301076,1909f56bfc062723c751e8b465ee728b)  -> (artifact id: 'be41a2f36229fe3537d36ea37f2c5b70') in 0.002920 seconds
  Import took 0.004285 seconds .

========================================================================
Received Prepare
Registering precompiled user dll's ...
Registered in 0.000390 seconds.
Begin MonoManager ReloadAssembly
Native extension for WindowsStandalone target not found
Refreshing native plugins compatible for Editor in 0.18 ms, found 0 plugins.
Preloading 0 native plugins for Editor in 0.00 ms.
Invoked RoslynAnalysisRunner static constructor.
RoslynAnalysisRunner will not be running.
RoslynAnalysisRunner has terminated.
Mono: successfully reloaded assembly
- Completed reload, in  0.483 seconds
Platform modules already initialized, skipping
Refreshing native plugins compatible for Editor in 0.18 ms, found 0 plugins.
Preloading 0 native plugins for Editor in 0.00 ms.
Unloading 1109 Unused Serialized files (Serialized files now loaded: 0)
System memory in use before: 60.2 MB.
System memory in use after: 60.3 MB.

Unloading 5 unused Assets to reduce memory usage. Loaded Objects now: 1605.
Total: 1.254100 ms (FindLiveObjects: 0.099900 ms CreateObjectMapping: 0.023100 ms MarkObjects: 1.086200 ms  DeleteObjects: 0.044400 ms)

========================================================================
Received Prepare
Registering precompiled user dll's ...
Registered in 0.000412 seconds.
Begin MonoManager ReloadAssembly
Native extension for WindowsStandalone target not found
Refreshing native plugins compatible for Editor in 0.19 ms, found 0 plugins.
Preloading 0 native plugins for Editor in 0.00 ms.
Invoked RoslynAnalysisRunner static constructor.
RoslynAnalysisRunner will not be running.
RoslynAnalysisRunner has terminated.
Mono: successfully reloaded assembly
- Completed reload, in  0.488 seconds
Platform modules already initialized, skipping
Refreshing native plugins compatible for Editor in 0.18 ms, found 0 plugins.
Preloading 0 native plugins for Editor in 0.00 ms.
Unloading 1109 Unused Serialized files (Serialized files now loaded: 0)
System memory in use before: 60.2 MB.
System memory in use after: 60.3 MB.

Unloading 5 unused Assets to reduce memory usage. Loaded Objects now: 1608.
Total: 1.367700 ms (FindLiveObjects: 0.120300 ms CreateObjectMapping: 0.032600 ms MarkObjects: 1.178900 ms  DeleteObjects: 0.035300 ms)

========================================================================
Received Prepare
Registering precompiled user dll's ...
Registered in 0.000431 seconds.
Begin MonoManager ReloadAssembly
Native extension for WindowsStandalone target not found
Refreshing native plugins compatible for Editor in 0.18 ms, found 0 plugins.
Preloading 0 native plugins for Editor in 0.00 ms.
Invoked RoslynAnalysisRunner static constructor.
RoslynAnalysisRunner will not be running.
RoslynAnalysisRunner has terminated.
Mono: successfully reloaded assembly
- Completed reload, in  0.456 seconds
Platform modules already initialized, skipping
Refreshing native plugins compatible for Editor in 0.18 ms, found 0 plugins.
Preloading 0 native plugins for Editor in 0.00 ms.
Unloading 1109 Unused Serialized files (Serialized files now loaded: 0)
System memory in use before: 60.3 MB.
System memory in use after: 60.3 MB.

Unloading 5 unused Assets to reduce memory usage. Loaded Objects now: 1611.
Total: 1.243800 ms (FindLiveObjects: 0.101100 ms CreateObjectMapping: 0.021900 ms MarkObjects: 1.086400 ms  DeleteObjects: 0.034000 ms)

========================================================================
Received Prepare
Registering precompiled user dll's ...
Registered in 0.000510 seconds.
Begin MonoManager ReloadAssembly
Native extension for WindowsStandalone target not found
Refreshing native plugins compatible for Editor in 0.21 ms, found 0 plugins.
Preloading 0 native plugins for Editor in 0.00 ms.
Invoked RoslynAnalysisRunner static constructor.
RoslynAnalysisRunner will not be running.
RoslynAnalysisRunner has terminated.
Mono: successfully reloaded assembly
- Completed reload, in  0.458 seconds
Platform modules already initialized, skipping
Refreshing native plugins compatible for Editor in 0.19 ms, found 0 plugins.
Preloading 0 native plugins for Editor in 0.00 ms.
Unloading 1109 Unused Serialized files (Serialized files now loaded: 0)
System memory in use before: 60.3 MB.
System memory in use after: 60.4 MB.

Unloading 5 unused Assets to reduce memory usage. Loaded Objects now: 1614.
Total: 1.342800 ms (FindLiveObjects: 0.119600 ms CreateObjectMapping: 0.032600 ms MarkObjects: 1.153400 ms  DeleteObjects: 0.036500 ms)

========================================================================
Received Prepare
Registering precompiled user dll's ...
Registered in 0.000432 seconds.
Begin MonoManager ReloadAssembly
Native extension for WindowsStandalone target not found
Refreshing native plugins compatible for Editor in 0.21 ms, found 0 plugins.
Preloading 0 native plugins for Editor in 0.00 ms.
Invoked RoslynAnalysisRunner static constructor.
RoslynAnalysisRunner will not be running.
RoslynAnalysisRunner has terminated.
Mono: successfully reloaded assembly
- Completed reload, in  0.454 seconds
Platform modules already initialized, skipping
Refreshing native plugins compatible for Editor in 0.20 ms, found 0 plugins.
Preloading 0 native plugins for Editor in 0.00 ms.
Unloading 1109 Unused Serialized files (Serialized files now loaded: 0)
System memory in use before: 60.3 MB.
System memory in use after: 60.4 MB.

Unloading 5 unused Assets to reduce memory usage. Loaded Objects now: 1617.
Total: 1.298500 ms (FindLiveObjects: 0.108600 ms CreateObjectMapping: 0.029100 ms MarkObjects: 1.127000 ms  DeleteObjects: 0.033300 ms)

========================================================================
Received Prepare
Registering precompiled user dll's ...
Registered in 0.000369 seconds.
Begin MonoManager ReloadAssembly
Native extension for WindowsStandalone target not found
Refreshing native plugins compatible for Editor in 0.19 ms, found 0 plugins.
Preloading 0 native plugins for Editor in 0.00 ms.
Invoked RoslynAnalysisRunner static constructor.
RoslynAnalysisRunner will not be running.
RoslynAnalysisRunner has terminated.
Mono: successfully reloaded assembly
- Completed reload, in  0.456 seconds
Platform modules already initialized, skipping
Refreshing native plugins compatible for Editor in 0.19 ms, found 0 plugins.
Preloading 0 native plugins for Editor in 0.00 ms.
Unloading 1109 Unused Serialized files (Serialized files now loaded: 0)
System memory in use before: 60.3 MB.
System memory in use after: 60.4 MB.

Unloading 5 unused Assets to reduce memory usage. Loaded Objects now: 1620.
Total: 1.465600 ms (FindLiveObjects: 0.116300 ms CreateObjectMapping: 0.030300 ms MarkObjects: 1.282300 ms  DeleteObjects: 0.036100 ms)

========================================================================
Received Import Request.
  Time since last request: 688.841327 seconds.
  path: Assets/Scripts/WorldManager.cs
  artifactKey: Guid(ae931fa6bce63f4449336968937d52e0) Importer(815301076,1909f56bfc062723c751e8b465ee728b)
Start importing Assets/Scripts/WorldManager.cs using Guid(ae931fa6bce63f4449336968937d52e0) Importer(815301076,1909f56bfc062723c751e8b465ee728b)  -> (artifact id: '99e7b27f143a71c6b411a713a22ec72b') in 0.007402 seconds
  Import took 0.009057 seconds .

========================================================================
Received Prepare
Registering precompiled user dll's ...
Registered in 0.000350 seconds.
Begin MonoManager ReloadAssembly
Native extension for WindowsStandalone target not found
Refreshing native plugins compatible for Editor in 0.18 ms, found 0 plugins.
Preloading 0 native plugins for Editor in 0.00 ms.
Invoked RoslynAnalysisRunner static constructor.
RoslynAnalysisRunner will not be running.
RoslynAnalysisRunner has terminated.
Mono: successfully reloaded assembly
- Completed reload, in  0.461 seconds
Platform modules already initialized, skipping
Refreshing native plugins compatible for Editor in 0.18 ms, found 0 plugins.
Preloading 0 native plugins for Editor in 0.00 ms.
Unloading 1110 Unused Serialized files (Serialized files now loaded: 0)
System memory in use before: 60.4 MB.
System memory in use after: 60.4 MB.

Unloading 5 unused Assets to reduce memory usage. Loaded Objects now: 1624.
Total: 1.272200 ms (FindLiveObjects: 0.111900 ms CreateObjectMapping: 0.027900 ms MarkObjects: 1.100300 ms  DeleteObjects: 0.031600 ms)

========================================================================
Received Prepare
Registering precompiled user dll's ...
Registered in 0.000446 seconds.
Begin MonoManager ReloadAssembly
Native extension for WindowsStandalone target not found
Refreshing native plugins compatible for Editor in 0.18 ms, found 0 plugins.
Preloading 0 native plugins for Editor in 0.00 ms.
Invoked RoslynAnalysisRunner static constructor.
RoslynAnalysisRunner will not be running.
RoslynAnalysisRunner has terminated.
Mono: successfully reloaded assembly
- Completed reload, in  0.478 seconds
Platform modules already initialized, skipping
Refreshing native plugins compatible for Editor in 0.19 ms, found 0 plugins.
Preloading 0 native plugins for Editor in 0.00 ms.
Unloading 1110 Unused Serialized files (Serialized files now loaded: 0)
System memory in use before: 60.4 MB.
System memory in use after: 60.4 MB.

Unloading 5 unused Assets to reduce memory usage. Loaded Objects now: 1627.
Total: 1.343400 ms (FindLiveObjects: 0.117200 ms CreateObjectMapping: 0.029000 ms MarkObjects: 1.159400 ms  DeleteObjects: 0.036800 ms)

========================================================================
Received Prepare
Registering precompiled user dll's ...
Registered in 0.000408 seconds.
Begin MonoManager ReloadAssembly
Native extension for WindowsStandalone target not found
Refreshing native plugins compatible for Editor in 0.18 ms, found 0 plugins.
Preloading 0 native plugins for Editor in 0.00 ms.
Invoked RoslynAnalysisRunner static constructor.
RoslynAnalysisRunner will not be running.
RoslynAnalysisRunner has terminated.
Mono: successfully reloaded assembly
- Completed reload, in  0.448 seconds
Platform modules already initialized, skipping
Refreshing native plugins compatible for Editor in 0.18 ms, found 0 plugins.
Preloading 0 native plugins for Editor in 0.00 ms.
Unloading 1110 Unused Serialized files (Serialized files now loaded: 0)
System memory in use before: 60.4 MB.
System memory in use after: 60.4 MB.

Unloading 5 unused Assets to reduce memory usage. Loaded Objects now: 1630.
Total: 1.289000 ms (FindLiveObjects: 0.114600 ms CreateObjectMapping: 0.028400 ms MarkObjects: 1.111300 ms  DeleteObjects: 0.034200 ms)

========================================================================
Received Prepare
Registering precompiled user dll's ...
Registered in 0.000447 seconds.
Begin MonoManager ReloadAssembly
Native extension for WindowsStandalone target not found
Refreshing native plugins compatible for Editor in 0.23 ms, found 0 plugins.
Preloading 0 native plugins for Editor in 0.00 ms.
Invoked RoslynAnalysisRunner static constructor.
RoslynAnalysisRunner will not be running.
RoslynAnalysisRunner has terminated.
Mono: successfully reloaded assembly
- Completed reload, in  0.474 seconds
Platform modules already initialized, skipping
Refreshing native plugins compatible for Editor in 0.19 ms, found 0 plugins.
Preloading 0 native plugins for Editor in 0.00 ms.
Unloading 1110 Unused Serialized files (Serialized files now loaded: 0)
System memory in use before: 60.4 MB.
System memory in use after: 60.5 MB.

Unloading 5 unused Assets to reduce memory usage. Loaded Objects now: 1633.
Total: 1.319700 ms (FindLiveObjects: 0.115600 ms CreateObjectMapping: 0.030200 ms MarkObjects: 1.138800 ms  DeleteObjects: 0.034500 ms)

========================================================================
Received Prepare
Registering precompiled user dll's ...
Registered in 0.000412 seconds.
Begin MonoManager ReloadAssembly
Native extension for WindowsStandalone target not found
Refreshing native plugins compatible for Editor in 0.18 ms, found 0 plugins.
Preloading 0 native plugins for Editor in 0.00 ms.
Invoked RoslynAnalysisRunner static constructor.
RoslynAnalysisRunner will not be running.
RoslynAnalysisRunner has terminated.
Mono: successfully reloaded assembly
- Completed reload, in  0.488 seconds
Platform modules already initialized, skipping
Refreshing native plugins compatible for Editor in 0.17 ms, found 0 plugins.
Preloading 0 native plugins for Editor in 0.00 ms.
Unloading 1110 Unused Serialized files (Serialized files now loaded: 0)
System memory in use before: 60.4 MB.
System memory in use after: 60.5 MB.

Unloading 5 unused Assets to reduce memory usage. Loaded Objects now: 1636.
Total: 1.262300 ms (FindLiveObjects: 0.121700 ms CreateObjectMapping: 0.028500 ms MarkObjects: 1.076400 ms  DeleteObjects: 0.034900 ms)

========================================================================
Received Prepare
Registering precompiled user dll's ...
Registered in 0.000417 seconds.
Begin MonoManager ReloadAssembly
Native extension for WindowsStandalone target not found
Refreshing native plugins compatible for Editor in 0.19 ms, found 0 plugins.
Preloading 0 native plugins for Editor in 0.00 ms.
Invoked RoslynAnalysisRunner static constructor.
RoslynAnalysisRunner will not be running.
RoslynAnalysisRunner has terminated.
Mono: successfully reloaded assembly
- Completed reload, in  0.504 seconds
Platform modules already initialized, skipping
Refreshing native plugins compatible for Editor in 0.19 ms, found 0 plugins.
Preloading 0 native plugins for Editor in 0.00 ms.
Unloading 1110 Unused Serialized files (Serialized files now loaded: 0)
System memory in use before: 60.4 MB.
System memory in use after: 60.5 MB.

Unloading 5 unused Assets to reduce memory usage. Loaded Objects now: 1639.
Total: 1.315100 ms (FindLiveObjects: 0.121300 ms CreateObjectMapping: 0.033800 ms MarkObjects: 1.121400 ms  DeleteObjects: 0.038000 ms)

========================================================================
Received Prepare
Registering precompiled user dll's ...
Registered in 0.000373 seconds.
Begin MonoManager ReloadAssembly
Native extension for WindowsStandalone target not found
Refreshing native plugins compatible for Editor in 0.27 ms, found 0 plugins.
Preloading 0 native plugins for Editor in 0.00 ms.
Invoked RoslynAnalysisRunner static constructor.
RoslynAnalysisRunner will not be running.
RoslynAnalysisRunner has terminated.
Mono: successfully reloaded assembly
- Completed reload, in  0.475 seconds
Platform modules already initialized, skipping
Refreshing native plugins compatible for Editor in 0.18 ms, found 0 plugins.
Preloading 0 native plugins for Editor in 0.00 ms.
Unloading 1110 Unused Serialized files (Serialized files now loaded: 0)
System memory in use before: 60.4 MB.
System memory in use after: 60.5 MB.

Unloading 5 unused Assets to reduce memory usage. Loaded Objects now: 1642.
Total: 1.428300 ms (FindLiveObjects: 0.119200 ms CreateObjectMapping: 0.033700 ms MarkObjects: 1.239400 ms  DeleteObjects: 0.035300 ms)

